L 05/14/2018 - 12:50:14: Server cvar "deathmatch" = "1"
L 05/14/2018 - 12:50:14: [META] Metamod v1.20  2013-02-16
L 05/14/2018 - 12:50:14: [META] by Will Day <willday@metamod.org>
L 05/14/2018 - 12:50:14: [META]    http://www.metamod.org/
L 05/14/2018 - 12:50:14: [META] compiled: Feb 16 2013, 17:12:42 +0100 (optimized)
L 05/14/2018 - 12:50:14: [META] engine: hw
L 05/14/2018 - 12:50:14: [META] Recognized game 'pvk'; using dllfile 'hl.dll'
L 05/14/2018 - 12:50:14: [META] Game DLL for 'Pirates, Vikings and Knights' loaded successfully
L 05/14/2018 - 12:50:14: [META] ini: Begin reading plugins list: e:/steam/steamapps/common/half-life/pvk/addons/metamod/plugins.ini
L 05/14/2018 - 12:50:14: [META] ini: Read plugin config for: <bugfixer13_mm.dll>
L 05/14/2018 - 12:50:14: [META] ini: Read plugin config for: <grogbot_mm.dll>
L 05/14/2018 - 12:50:14: [META] ini: Read plugin config for: <amxmodx_mm.dll>
L 05/14/2018 - 12:50:14: [META] ini: Read plugin config for: <dproto.dll>
L 05/14/2018 - 12:50:14: [META] ini: Finished reading plugins list: e:/steam/steamapps/common/half-life/pvk/addons/metamod/plugins.ini; Found 4 plugins to load
L 05/14/2018 - 12:50:14: [META] dll: Loading plugins...
L 05/14/2018 - 12:50:14: [META] dll: Note: plugin '<bugfixer13_mm.dll>' is using an older interface version (5:9), not the latest interface version (5:13); there might be an updated version of the plugin
L 05/14/2018 - 12:50:14: [META] dll: Loaded plugin 'PVK BugFixer': PVK BugFixer v1.3 2004/06/15, Akz
L 05/14/2018 - 12:50:14: [GROGBOT] GrogBot: meta-interface version mismatch (metamod: 5:13, GrogBot: 5:9)
L 05/14/2018 - 12:50:14: [META] dll: Note: plugin '<grogbot_mm.dll>' is using an older interface version (5:9), not the latest interface version (5:13); there might be an updated version of the plugin
L 05/14/2018 - 12:50:14: [GROGBOT] GrogBot: plugin attaching
L 05/14/2018 - 12:50:14: [META] dll: Loaded plugin 'GrogBot': GrogBot v1.1 19/07/2004, Akz
L 05/14/2018 - 12:50:14: [META] dll: Loaded plugin 'Fun': Fun v1.8.3-dev+5116 Jun  8 2016, AMX Mod X Dev Team
L 05/14/2018 - 12:50:14: [META] dll: Loaded plugin 'Engine': Engine v1.8.3-dev+5116 Jun  8 2016, AMX Mod X Dev Team
L 05/14/2018 - 12:50:14: [META] dll: Loaded plugin 'FakeMeta': FakeMeta v1.8.3-dev+5116 Jun  8 2016, AMX Mod X Dev Team
L 05/14/2018 - 12:50:14: [META] dll: Loaded plugin 'GeoIP': GeoIP v1.8.3-dev+5116 Jun  8 2016, AMX Mod X Dev Team
L 05/14/2018 - 12:50:14: [META] ERROR: Failed to find memloc for regcmd 'geoip'
L 05/14/2018 - 12:50:14: [META] ERROR: Failed to find memloc for regcmd 'ham'
L 05/14/2018 - 12:50:14: [META] dll: Loaded plugin 'Ham Sandwich': Ham Sandwich v1.8.3-dev+5116 Jun  8 2016, AMX Mod X Dev Team
L 05/14/2018 - 12:50:14: [META] dll: Loaded plugin 'AMX Mod X': AMX Mod X v1.8.3-dev+5116 Apr 14 2017, AMX Mod X Dev Team
L 05/14/2018 - 12:50:14: [DPROTO]: Loading config './pvk/dproto.cfg'
L 05/14/2018 - 12:50:14: [DPROTO]:  AuthID for HLTV: HLTV
L 05/14/2018 - 12:50:14: [DPROTO]:  AuthID for No-steam p47 clients: VALVE id generated by ip
L 05/14/2018 - 12:50:14: [DPROTO]:  AuthID for No-steam p48 clients: VALVE id generated by ip
L 05/14/2018 - 12:50:14: [DPROTO]:  AuthID for steam clients: Real STEAM_x:x:x
L 05/14/2018 - 12:50:14: [DPROTO]:  AuthID for steam unauthorized clients: STEAM_ID_PENDING
L 05/14/2018 - 12:50:14: [DPROTO]:  AuthID for RevEmu clients: Real STEAM_x:x:x
L 05/14/2018 - 12:50:14: [DPROTO]:  AuthID for RevEmu2013 clients: Real STEAM_x:x:x
L 05/14/2018 - 12:50:14: [DPROTO]:  AuthID for SteamClient2009 clients: Real STEAM_x:x:x
L 05/14/2018 - 12:50:14: [DPROTO]:  AuthID for Old RevEmu clients: Real STEAM_x:x:x
L 05/14/2018 - 12:50:14: [DPROTO]:  AuthID for SteamEmu clients: Real STEAM_x:x:x
L 05/14/2018 - 12:50:14: [DPROTO]:  AuthID for AVSMP clients: Real STEAM_x:x:x
L 05/14/2018 - 12:50:14: [DPROTO]:  AuthID for SSE3 clients: Real STEAM_x:x:x
L 05/14/2018 - 12:50:14: [DPROTO]:  AuthID for SETTI server scanner: STEAM id generated by ip
L 05/14/2018 - 12:50:14: [DPROTO]:  AuthID for SXEI clients: Real STEAM_x:x:x
L 05/14/2018 - 12:50:14: [DPROTO]:  Enable SteamID generation based on data sent by sXeI client: OFF
L 05/14/2018 - 12:50:14: [DPROTO]:  SC2009 => revEmu SteamID Compatibility fix: ENABLED
L 05/14/2018 - 12:50:14: [DPROTO]:  P47 emulator SteamEmuCompatMode: ON
L 05/14/2018 - 12:50:14: [DPROTO]:  Disable fix for steamids generated by eST in 0.3.1 version: No
L 05/14/2018 - 12:50:14: [DPROTO]:  SteamID Hash Salt: NOT SET
L 05/14/2018 - 12:50:14: [DPROTO]:  First prefix of authids generated by ip: 0
L 05/14/2018 - 12:50:14: [DPROTO]:  Second prefix of authids generated by ip: 4
L 05/14/2018 - 12:50:14: [DPROTO]:  First prefix of authids assigned by native auth method(Steam): 0
L 05/14/2018 - 12:50:14: [DPROTO]:  First prefix of authids assigned by SteamClient2009: 0
L 05/14/2018 - 12:50:14: [DPROTO]:  First prefix of authids assigned by RevEmu: 0
L 05/14/2018 - 12:50:14: [DPROTO]:  First prefix of authids assigned by RevEmu2013: 0
L 05/14/2018 - 12:50:14: [DPROTO]:  First prefix of authids assigned by old RevEmu: 0
L 05/14/2018 - 12:50:14: [DPROTO]:  First prefix of authids assigned by SteamEmu: 0
L 05/14/2018 - 12:50:14: [DPROTO]:  First prefix of authids for AVSMP clients: 0
L 05/14/2018 - 12:50:14: [DPROTO]:  First prefix of authids for SSE3 clients: 0
L 05/14/2018 - 12:50:14: [DPROTO]:  First prefix of authids for Setti server scanner: 0
L 05/14/2018 - 12:50:14: [DPROTO]:  First prefix of authids for SXEI clients: 0
L 05/14/2018 - 12:50:14: [DPROTO]:  [FakePlayers]: Agressive check reconnecting clients: ON
L 05/14/2018 - 12:50:14: [DPROTO]:  [FakePlayers]: Ban IP that spamming fake players for: 120.000000 minutes
L 05/14/2018 - 12:50:14: [DPROTO]:  [Exploits]: Check requested download files against precached resources: ON
L 05/14/2018 - 12:50:14: [DPROTO]:  [Exploits]: Disable file uploads (not customizations) to the server: ON
L 05/14/2018 - 12:50:14: [DPROTO]:  LoggingMode = 2
L 05/14/2018 - 12:50:14: [DPROTO]:  ThreatsLoggingMode = 0
L 05/14/2018 - 12:50:14: [DPROTO]:  Disable Native Auth (Steam/Valve): OFF
L 05/14/2018 - 12:50:14: [DPROTO]:  ServerInfo answer type: New Style (Source)
L 05/14/2018 - 12:50:14: [DPROTO]:  Setting game name to: (Native game name)
L 05/14/2018 - 12:50:14: [DPROTO]:  Enable Fix for player ids on hlstats monitoring: OFF
L 05/14/2018 - 12:50:14: [DPROTO]:  Spread user top and bottom colors: ON
L 05/14/2018 - 12:50:14: [DPROTO]:  dp_version cvar will be exported: Yes
L 05/14/2018 - 12:50:14: [DPROTO]:  HLTV Kick Exception Address: 127.0.0.1
L 05/14/2018 - 12:50:14: [DPROTO]: Config sucessfully loaded.
L 05/14/2018 - 12:50:14: [DPROTO]: Server port: 27015
L 05/14/2018 - 12:50:14: [DPROTO]: Failed to locate swds.dll
L 05/14/2018 - 12:50:14: [META] ERROR: dll: Failed attach plugin 'dproto_EF': Error from Meta_Attach(): 0
L 05/14/2018 - 12:50:14: [META] ERROR: dll: Failed to attach plugin 'dproto_EF'
L 05/14/2018 - 12:50:14: [META] ERROR: dll: Failed to load plugin 'dproto.dll'
L 05/14/2018 - 12:50:14: [META] ERROR: dll: Not loading plugin 'Fun'; already loaded (status=running)
L 05/14/2018 - 12:50:14: [META] ERROR: dll: Failed to load plugin 'fun_amxx.dll'
L 05/14/2018 - 12:50:14: [META] ERROR: dll: Not loading plugin 'Engine'; already loaded (status=running)
L 05/14/2018 - 12:50:14: [META] ERROR: dll: Failed to load plugin 'engine_amxx.dll'
L 05/14/2018 - 12:50:14: [META] ERROR: dll: Not loading plugin 'FakeMeta'; already loaded (status=running)
L 05/14/2018 - 12:50:14: [META] ERROR: dll: Failed to load plugin 'fakemeta_amxx.dll'
L 05/14/2018 - 12:50:14: [META] ERROR: dll: Not loading plugin 'GeoIP'; already loaded (status=running)
L 05/14/2018 - 12:50:14: [META] ERROR: dll: Failed to load plugin 'geoip_amxx.dll'
L 05/14/2018 - 12:50:14: [META] ERROR: dll: Not loading plugin 'Ham Sandwich'; already loaded (status=running)
L 05/14/2018 - 12:50:14: [META] ERROR: dll: Failed to load plugin 'hamsandwich_amxx.dll'
L 05/14/2018 - 12:50:14: [META] dll: Finished loading 3 plugins
L 05/14/2018 - 12:50:14: Log file closed
